<?xml version="1.0" encoding="UTF-8"?>
<!-- Generated by org.testng.reporters.JUnitReportReporter -->
<testsuite skipped="0" hostname="DESKTOP-K0USL57" name="MavenProject1.SeleniumPractice.PrimusBankProject" tests="1" failures="0" timestamp="02 Feb 2019 08:30:32 GMT" time="21.271" errors="0">
  <testcase name="BranchCreation" time="21.271" classname="MavenProject1.SeleniumPractice.PrimusBankProject"/>
</testsuite> <!-- MavenProject1.SeleniumPractice.PrimusBankProject -->
