<?xml version="1.0" encoding="UTF-8"?>
<!-- Generated by org.testng.reporters.JUnitReportReporter -->
<testsuite skipped="0" hostname="DESKTOP-K0USL57" name="com.primusbank.TestCase.PrimusBankProject" tests="2" failures="0" timestamp="07 Feb 2019 08:17:50 GMT" time="24.778" errors="0">
  <testcase name="DeleteBranch" time="8.713" classname="com.primusbank.TestCase.PrimusBankProject"/>
  <testcase name="BranchCreation" time="16.065" classname="com.primusbank.TestCase.PrimusBankProject"/>
</testsuite> <!-- com.primusbank.TestCase.PrimusBankProject -->
