<?xml version="1.0" encoding="UTF-8"?>
<!-- Generated by org.testng.reporters.JUnitReportReporter -->
<testsuite skipped="0" hostname="DESKTOP-K0USL57" name="com.primusbank.TestCase.DummyTestCase" tests="1" failures="0" timestamp="04 Feb 2019 00:54:06 GMT" time="8.016" errors="0">
  <testcase name="browserinitialization" time="8.016" classname="com.primusbank.TestCase.DummyTestCase"/>
</testsuite> <!-- com.primusbank.TestCase.DummyTestCase -->
