<?xml version="1.0" encoding="UTF-8"?>
<!-- Generated by org.testng.reporters.JUnitReportReporter -->
<testsuite skipped="0" hostname="Rohit-pc" name="com.primusbank.TestCase.PrimusBankTestCaseNew" tests="2" failures="0" timestamp="01 Mar 2019 07:16:50 GMT" time="31.849" errors="0">
  <testcase name="VerifyLogin" time="18.575" classname="com.primusbank.TestCase.PrimusBankTestCaseNew"/>
  <testcase name="NavigateToBranchesPage" time="13.274" classname="com.primusbank.TestCase.PrimusBankTestCaseNew"/>
</testsuite> <!-- com.primusbank.TestCase.PrimusBankTestCaseNew -->
